<?xml version="1.0" encoding="utf-8"?><testsuites><testsuite errors="0" failures="0" hostname="Alessandros-MacBook-Pro-2.local" name="pytest" skipped="0" tests="367" time="2635.433" timestamp="2019-09-23T11:19:20.683164"><testcase classname="tests.activitystream.test_views" file="tests/activitystream/test_views.py" line="57" name="test_empty_object_returned_with_authentication" time="5.911"></testcase><testcase classname="tests.activitystream.test_views" file="tests/activitystream/test_views.py" line="100" name="test_authentication_fails_if_url_mismatched" time="0.540"></testcase><testcase classname="tests.activitystream.test_views" file="tests/activitystream/test_views.py" line="125" name="test_if_61_seconds_in_past_401_returned" time="0.652"></testcase><testcase classname="tests.activitystream.test_views" file="tests/activitystream/test_views.py" line="148" name="test_lists_live_articles_in_stream" time="1.720"></testcase><testcase classname="tests.activitystream.test_views" file="tests/activitystream/test_views.py" line="228" name="test_pagination" time="35.743"></testcase><testcase classname="tests.components.test_models" file="tests/components/test_models.py" line="16" name="test_set_slug" time="0.151"></testcase><testcase classname="tests.components.test_translations" file="tests/components/test_translations.py" line="6" name="test_required_fields_banner_component" time="0.144"></testcase><testcase classname="tests.core.test_cache" file="tests/core/test_cache.py" line="112" name="test_cache_populator" time="1.331"></testcase><testcase classname="tests.core.test_cache" file="tests/core/test_cache.py" line="122" name="test_region_aware_cache_populator" time="0.227"></testcase><testcase classname="tests.core.test_cache" file="tests/core/test_cache.py" line="138" name="test_region_aware_cache_populator_async" time="0.230"></testcase><testcase classname="tests.core.test_cache" file="tests/core/test_cache.py" line="196" name="test_subscriber_populate" time="0.486"></testcase><testcase classname="tests.core.test_cache" file="tests/core/test_cache.py" line="232" name="test_subscriber_populate_many" time="0.496"></testcase><testcase classname="tests.core.test_enable_tree_based_routing" file="tests/core/test_enable_tree_based_routing.py" line="7" name="test_enable_tree_based_routing_service_name_specified" time="1.262"></testcase><testcase classname="tests.core.test_enable_tree_based_routing" file="tests/core/test_enable_tree_based_routing.py" line="23" name="test_enable_tree_based_routing_all_pages" time="1.464"></testcase><testcase classname="tests.core.test_fields" file="tests/core/test_fields.py" line="12" name="test_meta_field" time="0.592"></testcase><testcase classname="tests.core.test_fields" file="tests/core/test_fields.py" line="38" name="test_meta_field_slug_translation" time="0.499"></testcase><testcase classname="tests.core.test_fields" file="tests/core/test_fields.py" line="67" name="test_meta_field_contains_draft_token" time="0.975"></testcase><testcase classname="tests.core.test_fields" file="tests/core/test_fields.py" line="99" name="test_meta_field_draft" time="0.723"></testcase><testcase classname="tests.core.test_fields" file="tests/core/test_fields.py" line="114" name="test_markdown_to_html_field_without_slug_hyperlinks" time="0.461"></testcase><testcase classname="tests.core.test_fields" file="tests/core/test_fields.py" line="139" name="test_single_struct_block_stream_field_factory" time="0.144"></testcase><testcase classname="tests.core.test_forms" file="tests/core/test_forms.py" line="11" name="test_required_for_language" time="0.538"></testcase><testcase classname="tests.core.test_forms" file="tests/core/test_forms.py" line="37" name="test_slug_read_only_when_editing_a_page" time="0.534"></testcase><testcase classname="tests.core.test_forms" file="tests/core/test_forms.py" line="53" name="test_slug_editable_when_creating_a_page" time="0.519"></testcase><testcase classname="tests.core.test_forms" file="tests/core/test_forms.py" line="69" name="test_wagtailadminexclusivepageform_when_slug_identity_set_on_model" time="1.453"></testcase><testcase classname="tests.core.test_forms" file="tests/core/test_forms.py" line="87" name="test_wagtailadminexclusivepageform_when_slug_identity_not_set_on_model" time="1.302"></testcase><testcase classname="tests.core.test_helpers" file="tests/core/test_helpers.py" line="8" name="test_get_or_create_image_existing" time="0.150"></testcase><testcase classname="tests.core.test_helpers" file="tests/core/test_helpers.py" line="15" name="test_get_or_create_image_new" time="12.934"></testcase><testcase classname="tests.core.test_helpers" file="tests/core/test_helpers.py" line="24" name="test_get_button_url_name_internal_url" time="0.142"></testcase><testcase classname="tests.core.test_list_slug_links" file="tests/core/test_list_slug_links.py" line="10" name="test_list_slug_links" time="0.831"></testcase><testcase classname="tests.core.test_models" file="tests/core/test_models.py" line="26" name="test_page_paths" time="1.354"></testcase><testcase classname="tests.core.test_models" file="tests/core/test_models.py" line="59" name="test_base_model_check_valid_draft_token" time="0.140"></testcase><testcase classname="tests.core.test_models" file="tests/core/test_models.py" line="66" name="test_base_model_check_invalid_draft_token" time="0.135"></testcase><testcase classname="tests.core.test_models" file="tests/core/test_models.py" line="71" name="test_base_model_sets_service_name_on_save" time="0.134"></testcase><testcase classname="tests.core.test_models" file="tests/core/test_models.py" line="76" name="test_base_model_redirect_published_url" time="0.139"></testcase><testcase classname="tests.core.test_models" file="tests/core/test_models.py" line="86" name="test_translations_broker_fields[en-gb-ENGLISH]" time="0.509"></testcase><testcase classname="tests.core.test_models" file="tests/core/test_models.py" line="86" name="test_translations_broker_fields[de-GERMAN]" time="0.488"></testcase><testcase classname="tests.core.test_models" file="tests/core/test_models.py" line="86" name="test_translations_broker_fields[ja-JAPANESE]" time="0.492"></testcase><testcase classname="tests.core.test_models" file="tests/core/test_models.py" line="86" name="test_translations_broker_fields[zh-hans-SIMPLIFIED CHINESE]" time="0.501"></testcase><testcase classname="tests.core.test_models" file="tests/core/test_models.py" line="86" name="test_translations_broker_fields[fr-FRENCH]" time="0.636"></testcase><testcase classname="tests.core.test_models" file="tests/core/test_models.py" line="86" name="test_translations_broker_fields[es-SPANISH]" time="0.484"></testcase><testcase classname="tests.core.test_models" file="tests/core/test_models.py" line="86" name="test_translations_broker_fields[pt-PORTUGUESE]" time="0.508"></testcase><testcase classname="tests.core.test_models" file="tests/core/test_models.py" line="86" name="test_translations_broker_fields[ar-ARABIC]" time="0.497"></testcase><testcase classname="tests.core.test_models" file="tests/core/test_models.py" line="102" name="test_translated_languages[en-gb]" time="0.135"></testcase><testcase classname="tests.core.test_models" file="tests/core/test_models.py" line="102" name="test_translated_languages[de]" time="0.135"></testcase><testcase classname="tests.core.test_models" file="tests/core/test_models.py" line="102" name="test_translated_languages[ja]" time="0.142"></testcase><testcase classname="tests.core.test_models" file="tests/core/test_models.py" line="102" name="test_translated_languages[zh-hans]" time="0.149"></testcase><testcase classname="tests.core.test_models" file="tests/core/test_models.py" line="102" name="test_translated_languages[fr]" time="0.135"></testcase><testcase classname="tests.core.test_models" file="tests/core/test_models.py" line="102" name="test_translated_languages[es]" time="0.137"></testcase><testcase classname="tests.core.test_models" file="tests/core/test_models.py" line="102" name="test_translated_languages[pt]" time="0.136"></testcase><testcase classname="tests.core.test_models" file="tests/core/test_models.py" line="102" name="test_translated_languages[ar]" time="0.134"></testcase><testcase classname="tests.core.test_models" file="tests/core/test_models.py" line="118" name="test_translated_localised_urls" time="0.518"></testcase><testcase classname="tests.core.test_models" file="tests/core/test_models.py" line="135" name="test_translated_localised_urls_untranslated_page" time="0.147"></testcase><testcase classname="tests.core.test_models" file="tests/core/test_models.py" line="144" name="test_language_names_translated" time="0.489"></testcase><testcase classname="tests.core.test_models" file="tests/core/test_models.py" line="152" name="test_language_names_untranslated" time="0.139"></testcase><testcase classname="tests.core.test_models" file="tests/core/test_models.py" line="157" name="test_get_tree_based_url" time="0.731"></testcase><testcase classname="tests.core.test_models" file="tests/core/test_models.py" line="203" name="test_get_site_returns_none_when_page_not_routable" time="0.425"></testcase><testcase classname="tests.core.test_models" file="tests/core/test_models.py" line="211" name="test_get_site_fetches_routing_settings_if_they_exist" time="0.413"></testcase><testcase classname="tests.core.test_models" file="tests/core/test_models.py" line="233" name="test_get_site_creates_routing_settings_if_none_exist" time="0.409"></testcase><testcase classname="tests.core.test_models" file="tests/core/test_models.py" line="254" name="test_url_methods_use_tree_based_routing" time="0.567"></testcase><testcase classname="tests.core.test_models" file="tests/core/test_models.py" line="305" name="test_basepage_can_exist_under" time="0.420"></testcase><testcase classname="tests.core.test_models" file="tests/core/test_models.py" line="315" name="test_exclusivepagemixin_can_create_at" time="0.150"></testcase><testcase classname="tests.core.test_page_id_cache" file="tests/core/test_page_id_cache.py" line="11" name="test_population_and_value_getting" time="0.549"></testcase><testcase classname="tests.core.test_page_id_cache" file="tests/core/test_page_id_cache.py" line="78" name="test_get_populate_and_delete" time="0.139"></testcase><testcase classname="tests.core.test_permissions" file="tests/core/test_permissions.py" line="5" name="test_valid_draft_token" time="0.136"></testcase><testcase classname="tests.core.test_permissions" file="tests/core/test_permissions.py" line="13" name="test_invalid_draft_token" time="0.136"></testcase><testcase classname="tests.core.test_permissions" file="tests/core/test_permissions.py" line="21" name="test_no_draft_token" time="0.135"></testcase><testcase classname="tests.core.test_serializers" file="tests/core/test_serializers.py" line="7" name="test_base_page_serializer" time="0.380"></testcase><testcase classname="tests.core.test_serializers" file="tests/core/test_serializers.py" line="26" name="test_tree_based_breadcrumbs_for_base_page_serializer" time="0.199"></testcase><testcase classname="tests.core.test_storage_backends" file="tests/core/test_storage_backends.py" line="31" name="test_immutable_file_storage_get_image_by_path_exists" time="0.207"></testcase><testcase classname="tests.core.test_storage_backends" file="tests/core/test_storage_backends.py" line="45" name="test_immutable_file_storage_get_image_by_path_not_exist_in_bucket" time="0.171"></testcase><testcase classname="tests.core.test_storage_backends" file="tests/core/test_storage_backends.py" line="55" name="test_immutable_file_storage_get_image_by_path_not_exist_in_database" time="0.172"></testcase><testcase classname="tests.core.test_storage_backends" file="tests/core/test_storage_backends.py" line="65" name="test_immutable_file_storage_get_document_by_path_exists" time="0.172"></testcase><testcase classname="tests.core.test_storage_backends" file="tests/core/test_storage_backends.py" line="80" name="test_immutable_file_storage_get_document_by_path_not_exist_in_bucket" time="0.313"></testcase><testcase classname="tests.core.test_storage_backends" file="tests/core/test_storage_backends.py" line="90" name="test_immutable_file_storage_get_document_by_path_not_exist_in_database" time="0.167"></testcase><testcase classname="tests.core.test_upstream_serializers" file="tests/core/test_upstream_serializers.py" line="43" name="test_tag_serializer" time="0.255"></testcase><testcase classname="tests.core.test_upstream_serializers" file="tests/core/test_upstream_serializers.py" line="58" name="test_tag_deserializer" time="0.147"></testcase><testcase classname="tests.core.test_upstream_serializers" file="tests/core/test_upstream_serializers.py" line="74" name="test_document_field_serialize" time="0.663"></testcase><testcase classname="tests.core.test_upstream_serializers" file="tests/core/test_upstream_serializers.py" line="84" name="test_document_field_deserializer" time="0.633"></testcase><testcase classname="tests.core.test_upstream_serializers" file="tests/core/test_upstream_serializers.py" line="98" name="test_related_page_field_serialize" time="0.466"></testcase><testcase classname="tests.core.test_upstream_serializers" file="tests/core/test_upstream_serializers.py" line="112" name="test_related_page_field_deserializer" time="0.548"></testcase><testcase classname="tests.core.test_upstream_serializers" file="tests/core/test_upstream_serializers.py" line="134" name="test_related_page_field_deserializer_invalid_slug" time="0.153"></testcase><testcase classname="tests.core.test_views" file="tests/core/test_views.py" line="49" name="test_api_translations_are_loaded_when_available[en-gb-ENGLISH]" time="1.344"></testcase><testcase classname="tests.core.test_views" file="tests/core/test_views.py" line="49" name="test_api_translations_are_loaded_when_available[de-GERMAN]" time="1.428"></testcase><testcase classname="tests.core.test_views" file="tests/core/test_views.py" line="49" name="test_api_translations_are_loaded_when_available[ja-JAPANESE]" time="1.351"></testcase><testcase classname="tests.core.test_views" file="tests/core/test_views.py" line="49" name="test_api_translations_are_loaded_when_available[zh-hans-SIMPLIFIED CHINESE]" time="1.517"></testcase><testcase classname="tests.core.test_views" file="tests/core/test_views.py" line="49" name="test_api_translations_are_loaded_when_available[fr-FRENCH]" time="1.363"></testcase><testcase classname="tests.core.test_views" file="tests/core/test_views.py" line="49" name="test_api_translations_are_loaded_when_available[es-SPANISH]" time="1.516"></testcase><testcase classname="tests.core.test_views" file="tests/core/test_views.py" line="49" name="test_api_translations_are_loaded_when_available[pt-PORTUGUESE]" time="1.334"></testcase><testcase classname="tests.core.test_views" file="tests/core/test_views.py" line="49" name="test_api_translations_are_loaded_when_available[ar-ARABIC]" time="1.504"></testcase><testcase classname="tests.core.test_views" file="tests/core/test_views.py" line="90" name="test_api_falls_back_to_english_when_translations_unavailable[en-gb]" time="0.799"></testcase><testcase classname="tests.core.test_views" file="tests/core/test_views.py" line="90" name="test_api_falls_back_to_english_when_translations_unavailable[de]" time="0.805"></testcase><testcase classname="tests.core.test_views" file="tests/core/test_views.py" line="90" name="test_api_falls_back_to_english_when_translations_unavailable[ja]" time="0.989"></testcase><testcase classname="tests.core.test_views" file="tests/core/test_views.py" line="90" name="test_api_falls_back_to_english_when_translations_unavailable[zh-hans]" time="0.863"></testcase><testcase classname="tests.core.test_views" file="tests/core/test_views.py" line="90" name="test_api_falls_back_to_english_when_translations_unavailable[fr]" time="0.800"></testcase><testcase classname="tests.core.test_views" file="tests/core/test_views.py" line="90" name="test_api_falls_back_to_english_when_translations_unavailable[es]" time="0.802"></testcase><testcase classname="tests.core.test_views" file="tests/core/test_views.py" line="90" name="test_api_falls_back_to_english_when_translations_unavailable[pt]" time="0.976"></testcase><testcase classname="tests.core.test_views" file="tests/core/test_views.py" line="90" name="test_api_falls_back_to_english_when_translations_unavailable[ar]" time="0.814"></testcase><testcase classname="tests.core.test_views" file="tests/core/test_views.py" line="131" name="test_api_serves_drafts" time="1.558"></testcase><testcase classname="tests.core.test_views" file="tests/core/test_views.py" line="183" name="test_copy_upsteam" time="1.535"></testcase><testcase classname="tests.core.test_views" file="tests/core/test_views.py" line="196" name="test_update_upstream" time="1.230"></testcase><testcase classname="tests.core.test_views" file="tests/core/test_views.py" line="209" name="test_upstream_anon[copy-upstream]" time="1.142"></testcase><testcase classname="tests.core.test_views" file="tests/core/test_views.py" line="209" name="test_upstream_anon[update-upstream]" time="0.953"></testcase><testcase classname="tests.core.test_views" file="tests/core/test_views.py" line="222" name="test_add_page_prepopulate[True-wagtailadmin/pages/edit.html]" time="2.358"></testcase><testcase classname="tests.core.test_views" file="tests/core/test_views.py" line="222" name="test_add_page_prepopulate[False-wagtailadmin/pages/create.html]" time="2.457"></testcase><testcase classname="tests.core.test_views" file="tests/core/test_views.py" line="325" name="test_list_page" time="0.750"></testcase><testcase classname="tests.core.test_views" file="tests/core/test_views.py" line="334" name="test_page_listing" time="1.444"></testcase><testcase classname="tests.core.test_views" file="tests/core/test_views.py" line="343" name="test_translations_exposed" time="0.857"></testcase><testcase classname="tests.core.test_views" file="tests/core/test_views.py" line="354" name="test_lookup_by_path" time="1.195"></testcase><testcase classname="tests.core.test_views" file="tests/core/test_views.py" line="380" name="test_lookup_by_path_for_non_existent_page" time="0.446"></testcase><testcase classname="tests.core.test_views" file="tests/core/test_views.py" line="393" name="test_lookup_by_slug" time="1.574"></testcase><testcase classname="tests.core.test_views" file="tests/core/test_views.py" line="408" name="test_lookup_by_slug_missing_required_query_param" time="0.977"></testcase><testcase classname="tests.core.test_views" file="tests/core/test_views.py" line="424" name="test_lookup_by_slug_missing_page" time="0.646"></testcase><testcase classname="tests.core.test_views" file="tests/core/test_views.py" line="439" name="test_cache_etags_match" time="1.184"></testcase><testcase classname="tests.core.test_views" file="tests/core/test_views.py" line="461" name="test_cache_etags_mismatch" time="1.398"></testcase><testcase classname="tests.core.test_views" file="tests/core/test_views.py" line="483" name="test_pages_types_view" time="2287.553"></testcase><testcase classname="tests.core.test_views" file="tests/core/test_views.py" line="490" name="test_pages_view" time="0.580"></testcase><testcase classname="tests.core.test_wagtail_hooks" file="tests/core/test_wagtail_hooks.py" line="10" name="test_update_default_listing_buttons_from_base_page" time="1.034"></testcase><testcase classname="tests.core.test_wagtail_hooks" file="tests/core/test_wagtail_hooks.py" line="20" name="test_update_default_listing_buttons_not_from_base_page" time="0.172"></testcase><testcase classname="tests.core.test_wagtail_hooks" file="tests/core/test_wagtail_hooks.py" line="36" name="test_add_copy_button" time="1.345"></testcase><testcase classname="tests.export_readiness.test_forms" file="tests/export_readiness/test_forms.py" line="5" name="test_terms_slug[TermsAndConditionsPage]" time="0.180"></testcase><testcase classname="tests.export_readiness.test_models" file="tests/export_readiness/test_models.py" line="34" name="test_set_slug" time="0.175"></testcase><testcase classname="tests.export_readiness.test_models" file="tests/export_readiness/test_models.py" line="49" name="test_folders_set_title[MarketingPages]" time="0.185"></testcase><testcase classname="tests.export_readiness.test_models" file="tests/export_readiness/test_models.py" line="49" name="test_folders_set_title[EUExitFormPages]" time="0.204"></testcase><testcase classname="tests.export_readiness.test_models" file="tests/export_readiness/test_models.py" line="49" name="test_folders_set_title[ContactUsGuidancePages]" time="0.185"></testcase><testcase classname="tests.export_readiness.test_models" file="tests/export_readiness/test_models.py" line="49" name="test_folders_set_title[ContactSuccessPages]" time="0.195"></testcase><testcase classname="tests.export_readiness.test_models" file="tests/export_readiness/test_models.py" line="49" name="test_folders_set_title[SitePolicyPages]" time="0.166"></testcase><testcase classname="tests.export_readiness.test_models" file="tests/export_readiness/test_models.py" line="49" name="test_folders_set_title[AllContactPagesPage]" time="0.160"></testcase><testcase classname="tests.export_readiness.test_models" file="tests/export_readiness/test_models.py" line="67" name="test_article_listing_page_articles_count" time="0.939"></testcase><testcase classname="tests.export_readiness.test_models" file="tests/export_readiness/test_models.py" line="92" name="test_superregion_page_articles_count" time="0.792"></testcase><testcase classname="tests.export_readiness.test_models" file="tests/export_readiness/test_models.py" line="117" name="test_tag_str" time="0.158"></testcase><testcase classname="tests.export_readiness.test_models" file="tests/export_readiness/test_models.py" line="125" name="test_contact_us_guidance_infers_field_values[alerts-not-relevant-values0]" time="0.182"></testcase><testcase classname="tests.export_readiness.test_models" file="tests/export_readiness/test_models.py" line="125" name="test_contact_us_guidance_infers_field_values[opportunity-no-response-values1]" time="0.168"></testcase><testcase classname="tests.export_readiness.test_models" file="tests/export_readiness/test_models.py" line="125" name="test_contact_us_guidance_infers_field_values[no-verification-email-values2]" time="0.163"></testcase><testcase classname="tests.export_readiness.test_models" file="tests/export_readiness/test_models.py" line="125" name="test_contact_us_guidance_infers_field_values[password-reset-values3]" time="0.164"></testcase><testcase classname="tests.export_readiness.test_models" file="tests/export_readiness/test_models.py" line="125" name="test_contact_us_guidance_infers_field_values[companies-house-login-values4]" time="0.160"></testcase><testcase classname="tests.export_readiness.test_models" file="tests/export_readiness/test_models.py" line="125" name="test_contact_us_guidance_infers_field_values[verification-letter-code-values5]" time="0.160"></testcase><testcase classname="tests.export_readiness.test_models" file="tests/export_readiness/test_models.py" line="125" name="test_contact_us_guidance_infers_field_values[no-verification-letter-values6]" time="0.179"></testcase><testcase classname="tests.export_readiness.test_models" file="tests/export_readiness/test_models.py" line="125" name="test_contact_us_guidance_infers_field_values[verification-missing-values7]" time="0.156"></testcase><testcase classname="tests.export_readiness.test_models" file="tests/export_readiness/test_models.py" line="125" name="test_contact_us_guidance_infers_field_values[company-not-found-values8]" time="0.152"></testcase><testcase classname="tests.export_readiness.test_models" file="tests/export_readiness/test_models.py" line="125" name="test_contact_us_guidance_infers_field_values[exporting-to-the-uk-values9]" time="0.156"></testcase><testcase classname="tests.export_readiness.test_models" file="tests/export_readiness/test_models.py" line="139" name="test_contact_us_success_infers_field_values[contact-success-form-values0]" time="0.188"></testcase><testcase classname="tests.export_readiness.test_models" file="tests/export_readiness/test_models.py" line="139" name="test_contact_us_success_infers_field_values[contact-events-success-form-values1]" time="0.161"></testcase><testcase classname="tests.export_readiness.test_models" file="tests/export_readiness/test_models.py" line="139" name="test_contact_us_success_infers_field_values[contact-dso-success-form-values2]" time="0.160"></testcase><testcase classname="tests.export_readiness.test_models" file="tests/export_readiness/test_models.py" line="139" name="test_contact_us_success_infers_field_values[contact-export-advice-success-form-values3]" time="0.162"></testcase><testcase classname="tests.export_readiness.test_models" file="tests/export_readiness/test_models.py" line="139" name="test_contact_us_success_infers_field_values[contact-feedback-success-form-values4]" time="0.160"></testcase><testcase classname="tests.export_readiness.test_models" file="tests/export_readiness/test_models.py" line="139" name="test_contact_us_success_infers_field_values[contact-find-companies-success-form-values5]" time="0.153"></testcase><testcase classname="tests.export_readiness.test_models" file="tests/export_readiness/test_models.py" line="139" name="test_contact_us_success_infers_field_values[contact-international-success-form-values6]" time="0.165"></testcase><testcase classname="tests.export_readiness.test_models" file="tests/export_readiness/test_models.py" line="139" name="test_contact_us_success_infers_field_values[contact-soo-success-form-values7]" time="0.155"></testcase><testcase classname="tests.export_readiness.test_models" file="tests/export_readiness/test_models.py" line="139" name="test_contact_us_success_infers_field_values[contact-beis-success-values8]" time="0.158"></testcase><testcase classname="tests.export_readiness.test_models" file="tests/export_readiness/test_models.py" line="139" name="test_contact_us_success_infers_field_values[contact-defra-success-values9]" time="0.155"></testcase><testcase classname="tests.export_readiness.test_models" file="tests/export_readiness/test_models.py" line="153" name="test_performance_dashboard_infers_field_values[https://www.great.gov.uk-values0]" time="0.155"></testcase><testcase classname="tests.export_readiness.test_models" file="tests/export_readiness/test_models.py" line="153" name="test_performance_dashboard_infers_field_values[https://selling-online-overseas.export.great.gov.uk-values1]" time="0.159"></testcase><testcase classname="tests.export_readiness.test_models" file="tests/export_readiness/test_models.py" line="153" name="test_performance_dashboard_infers_field_values[https://www.great.gov.uk/export-opportunities/-values2]" time="0.165"></testcase><testcase classname="tests.export_readiness.test_models" file="tests/export_readiness/test_models.py" line="153" name="test_performance_dashboard_infers_field_values[https://www.great.gov.uk/find-a-buyer/-values3]" time="0.177"></testcase><testcase classname="tests.export_readiness.test_models" file="tests/export_readiness/test_models.py" line="153" name="test_performance_dashboard_infers_field_values[https://invest.great.gov.uk-values4]" time="0.176"></testcase><testcase classname="tests.export_readiness.test_serializers" file="tests/export_readiness/test_serializers.py" line="11" name="test_related_article_page_serializer_has_pages[ArticlePageFactory-ArticlePageSerializer]" time="0.731"></testcase><testcase classname="tests.export_readiness.test_serializers" file="tests/export_readiness/test_serializers.py" line="11" name="test_related_article_page_serializer_has_pages[CountryGuidePageFactory-CountryGuidePageSerializer]" time="0.751"></testcase><testcase classname="tests.export_readiness.test_serializers" file="tests/export_readiness/test_serializers.py" line="11" name="test_related_article_page_serializer_has_pages[CampaignPageFactory-CampaignPageSerializer]" time="0.639"></testcase><testcase classname="tests.export_readiness.test_serializers" file="tests/export_readiness/test_serializers.py" line="11" name="test_related_article_page_serializer_has_pages[MarketingArticlePageFactory-MarketingArticlePageSerializer]" time="0.566"></testcase><testcase classname="tests.export_readiness.test_serializers" file="tests/export_readiness/test_serializers.py" line="49" name="test_related_article_page_serializer_no_pages[ArticlePageFactory-ArticlePageSerializer]" time="0.254"></testcase><testcase classname="tests.export_readiness.test_serializers" file="tests/export_readiness/test_serializers.py" line="49" name="test_related_article_page_serializer_no_pages[MarketingArticlePageFactory-MarketingArticlePageSerializer]" time="0.181"></testcase><testcase classname="tests.export_readiness.test_serializers" file="tests/export_readiness/test_serializers.py" line="49" name="test_related_article_page_serializer_no_pages[CountryGuidePageFactory-CountryGuidePageSerializer]" time="0.350"></testcase><testcase classname="tests.export_readiness.test_serializers" file="tests/export_readiness/test_serializers.py" line="49" name="test_related_article_page_serializer_no_pages[CampaignPageFactory-CampaignPageSerializer]" time="0.194"></testcase><testcase classname="tests.export_readiness.test_serializers" file="tests/export_readiness/test_serializers.py" line="75" name="test_country_guide_page_serializer" time="0.834"></testcase><testcase classname="tests.export_readiness.test_serializers" file="tests/export_readiness/test_serializers.py" line="96" name="test_breadcrumbs_serializer" time="1.122"></testcase><testcase classname="tests.export_readiness.test_serializers" file="tests/export_readiness/test_serializers.py" line="123" name="test_breadcrumbs_serializer_top_level_page" time="0.248"></testcase><testcase classname="tests.export_readiness.test_views" file="tests/export_readiness/test_views.py" line="9" name="test_performance_dashboard" time="0.760"></testcase><testcase classname="tests.export_readiness.test_views" file="tests/export_readiness/test_views.py" line="24" name="test_performance_dashboard_notes" time="0.697"></testcase><testcase classname="tests.export_readiness.test_views" file="tests/export_readiness/test_views.py" line="37" name="test_topic_landing_page_view" time="1.467"></testcase><testcase classname="tests.export_readiness.test_views" file="tests/export_readiness/test_views.py" line="62" name="test_article_listing_page_view" time="1.182"></testcase><testcase classname="tests.export_readiness.test_views" file="tests/export_readiness/test_views.py" line="86" name="test_article_page_view" time="1.475"></testcase><testcase classname="tests.export_readiness.test_views" file="tests/export_readiness/test_views.py" line="112" name="test_domestic_homepage" time="7.243"></testcase><testcase classname="tests.export_readiness.test_views" file="tests/export_readiness/test_views.py" line="144" name="test_domestic_homepage_no_news" time="0.844"></testcase><testcase classname="tests.export_readiness.test_views" file="tests/export_readiness/test_views.py" line="158" name="test_homepage_no_advice" time="0.790"></testcase><testcase classname="tests.export_readiness.test_views" file="tests/export_readiness/test_views.py" line="172" name="test_country_page_view" time="1.519"></testcase><testcase classname="tests.export_readiness.test_views" file="tests/export_readiness/test_views.py" line="196" name="test_topic_landing_page_view_country_guides_alph_order" time="3.734"></testcase><testcase classname="tests.export_readiness.test_views" file="tests/export_readiness/test_views.py" line="223" name="test_industry_tags_list_endpoint" time="0.487"></testcase><testcase classname="tests.export_readiness.test_views" file="tests/export_readiness/test_views.py" line="236" name="test_lookup_countries_by_tag_list_endpoint" time="3.054"></testcase><testcase classname="tests.great_international.test_models" file="tests/great_international/test_models.py" line="101" name="test_uses_tree_base_routing_always_true" time="0.187"></testcase><testcase classname="tests.great_international.test_models" file="tests/great_international/test_models.py" line="109" name="test_hpo_folder_page" time="0.741"></testcase><testcase classname="tests.great_international.test_serializers" file="tests/great_international/test_serializers.py" line="51" name="test_sector_page_has_section_three_subsections" time="0.616"></testcase><testcase classname="tests.great_international.test_serializers" file="tests/great_international/test_serializers.py" line="71" name="test_sector_page_has_section_two_subsections" time="0.674"></testcase><testcase classname="tests.great_international.test_serializers" file="tests/great_international/test_serializers.py" line="90" name="test_sector_page_has_statistics" time="0.704"></testcase><testcase classname="tests.great_international.test_serializers" file="tests/great_international/test_serializers.py" line="109" name="test_sector_page_related_pages_serializer_has_pages" time="2.029"></testcase><testcase classname="tests.great_international.test_serializers" file="tests/great_international/test_serializers.py" line="151" name="test_related_article_page_serializer_has_pages[InternationalArticlePageFactory-InternationalArticlePageSerializer]" time="1.118"></testcase><testcase classname="tests.great_international.test_serializers" file="tests/great_international/test_serializers.py" line="186" name="test_home_page_related_pages" time="0.760"></testcase><testcase classname="tests.great_international.test_serializers" file="tests/great_international/test_serializers.py" line="216" name="test_related_article_page_serializer_no_pages[InternationalArticlePageFactory-InternationalArticlePageSerializer]" time="0.443"></testcase><testcase classname="tests.great_international.test_serializers" file="tests/great_international/test_serializers.py" line="216" name="test_related_article_page_serializer_no_pages[InternationalCampaignPageFactory-InternationalCampaignPageSerializer]" time="0.257"></testcase><testcase classname="tests.great_international.test_serializers" file="tests/great_international/test_serializers.py" line="240" name="test_curated_topic_landing_page_has_features" time="0.418"></testcase><testcase classname="tests.great_international.test_serializers" file="tests/great_international/test_serializers.py" line="265" name="test_guide_landing_page_serializer_guide_list" time="1.768"></testcase><testcase classname="tests.great_international.test_serializers" file="tests/great_international/test_serializers.py" line="296" name="test_capital_invest_region_page_has_statistics" time="0.278"></testcase><testcase classname="tests.great_international.test_serializers" file="tests/great_international/test_serializers.py" line="320" name="test_about_uk_region_page_has_statistics" time="0.304"></testcase><testcase classname="tests.great_international.test_serializers" file="tests/great_international/test_serializers.py" line="344" name="test_capital_invest_landing_page_gets_added_related_regions" time="0.494"></testcase><testcase classname="tests.great_international.test_serializers" file="tests/great_international/test_serializers.py" line="372" name="test_capital_invest_landing_page_gets_added_related_region_card_fields" time="0.404"></testcase><testcase classname="tests.great_international.test_serializers" file="tests/great_international/test_serializers.py" line="395" name="test_capital_invest_landing_page_gets_added_homes_in_england_card_fields" time="0.403"></testcase><testcase classname="tests.great_international.test_serializers" file="tests/great_international/test_serializers.py" line="419" name="test_capital_invest_landing_page_returns_empty_when_no_related_regions" time="0.393"></testcase><testcase classname="tests.great_international.test_serializers" file="tests/great_international/test_serializers.py" line="439" name="test_high_potential_opportunity_form_page_serializer" time="0.250"></testcase><testcase classname="tests.great_international.test_serializers" file="tests/great_international/test_serializers.py" line="493" name="test_capital_invest_landing_page_has_how_we_help" time="0.385"></testcase><testcase classname="tests.great_international.test_serializers" file="tests/great_international/test_serializers.py" line="513" name="test_opportunity_page_can_add_sector_as_related" time="1.203"></testcase><testcase classname="tests.great_international.test_serializers" file="tests/great_international/test_serializers.py" line="546" name="test_international_sector_page_gets_opps_with_sector_as_related" time="1.162"></testcase><testcase classname="tests.great_international.test_serializers" file="tests/great_international/test_serializers.py" line="588" name="test_opp_page_null_case_related_sector" time="0.379"></testcase><testcase classname="tests.great_international.test_serializers" file="tests/great_international/test_serializers.py" line="610" name="test_opp_page_null_case_related_sector2" time="0.396"></testcase><testcase classname="tests.great_international.test_serializers" file="tests/great_international/test_serializers.py" line="629" name="test_international_sector_opportunity_null_case" time="1.839"></testcase><testcase classname="tests.great_international.test_serializers" file="tests/great_international/test_serializers.py" line="675" name="test_international_sector_opportunity_null_case2" time="1.007"></testcase><testcase classname="tests.great_international.test_serializers" file="tests/great_international/test_serializers.py" line="712" name="test_opportunity_listing_page_gets_opportunities" time="0.592"></testcase><testcase classname="tests.great_international.test_serializers" file="tests/great_international/test_serializers.py" line="742" name="test_opportunity_listing_page_getting_opportunities_null_case" time="0.229"></testcase><testcase classname="tests.great_international.test_serializers" file="tests/great_international/test_serializers.py" line="760" name="test_opportunity_page_can_add_sub_sector_as_related" time="1.864"></testcase><testcase classname="tests.great_international.test_serializers" file="tests/great_international/test_serializers.py" line="799" name="test_opportunity_page_can_add_sub_sector_as_related_null_case" time="0.369"></testcase><testcase classname="tests.great_international.test_serializers" file="tests/great_international/test_serializers.py" line="820" name="test_opportunity_listing_page_gets_sectors_with_sub_sectors" time="4.552"></testcase><testcase classname="tests.great_international.test_serializers" file="tests/great_international/test_serializers.py" line="898" name="test_about_dit_services_page_gets_added_related_services_fields" time="0.255"></testcase><testcase classname="tests.great_international.test_serializers" file="tests/great_international/test_serializers.py" line="921" name="test_about_uk_why_choose_the_uk_page_gets_added_related_articles_fields" time="0.437"></testcase><testcase classname="tests.great_international.test_serializers" file="tests/great_international/test_serializers.py" line="944" name="test_opportunity_page_gets_opportunities_with_same_sector" time="1.602"></testcase><testcase classname="tests.great_international.test_serializers" file="tests/great_international/test_serializers.py" line="992" name="test_opportunity_page_null_case_gets_opportunities_with_same_sector" time="1.013"></testcase><testcase classname="tests.great_international.test_serializers" file="tests/great_international/test_serializers.py" line="1027" name="test_about_uk_landing_page_has_how_we_help" time="0.293"></testcase><testcase classname="tests.great_international.test_serializers" file="tests/great_international/test_serializers.py" line="1048" name="test_about_uk_landing_page_has_all_sectors" time="1.013"></testcase><testcase classname="tests.great_international.test_serializers" file="tests/great_international/test_serializers.py" line="1071" name="test_invest_international_homepage_featured_industries" time="1.668"></testcase><testcase classname="tests.great_international.test_serializers" file="tests/great_international/test_serializers.py" line="1106" name="test_about_uk_landing_page_has_regions" time="0.849"></testcase><testcase classname="tests.great_international.test_serializers" file="tests/great_international/test_serializers.py" line="1144" name="test_about_uk_region_listing_page_has_regions" time="1.200"></testcase><testcase classname="tests.great_international.test_serializers" file="tests/great_international/test_serializers.py" line="1187" name="test_about_uk_region_listing_page_has_empty_regions_if_no_parent" time="0.336"></testcase><testcase classname="tests.great_international.test_serializers" file="tests/great_international/test_serializers.py" line="1205" name="test_new_int_home_page_has_ready_to_trade_stories" time="0.389"></testcase><testcase classname="tests.great_international.test_serializers" file="tests/great_international/test_serializers.py" line="1227" name="test_new_int_home_page_has_benefits_ok_uk" time="0.564"></testcase><testcase classname="tests.great_international.test_serializers" file="tests/great_international/test_serializers.py" line="1252" name="test_new_int_home_page_has_how_we_help" time="0.612"></testcase><testcase classname="tests.great_international.test_serializers" file="tests/great_international/test_serializers.py" line="1278" name="test_new_int_home_page_has_link_to_section_links" time="0.405"></testcase><testcase classname="tests.great_international.test_serializers" file="tests/great_international/test_serializers.py" line="1308" name="test_new_int_home_page_has_all_sectors" time="0.933"></testcase><testcase classname="tests.great_international.test_serializers" file="tests/great_international/test_serializers.py" line="1332" name="test_new_int_home_page_has_related_expand" time="2.429"></testcase><testcase classname="tests.great_international.test_serializers" file="tests/great_international/test_serializers.py" line="1357" name="test_new_int_home_page_has_related_capital_invest" time="2.318"></testcase><testcase classname="tests.great_international.test_serializers" file="tests/great_international/test_serializers.py" line="1382" name="test_new_int_home_page_has_related_trade" time="1.438"></testcase><testcase classname="tests.great_international.test_views" file="tests/great_international/test_views.py" line="7" name="test_international_sector_page" time="1.371"></testcase><testcase classname="tests.great_international.test_views" file="tests/great_international/test_views.py" line="17" name="test_international_homepage" time="1.006"></testcase><testcase classname="tests.great_international.test_views" file="tests/great_international/test_views.py" line="31" name="test_international_campaign_page" time="0.761"></testcase><testcase classname="tests.great_international.test_views" file="tests/great_international/test_views.py" line="41" name="test_international_article_listing_page_view" time="1.853"></testcase><testcase classname="tests.great_international.test_views" file="tests/great_international/test_views.py" line="69" name="test_international_topic_landing_page_view" time="1.661"></testcase><testcase classname="tests.great_international.test_views" file="tests/great_international/test_views.py" line="94" name="test_international_topic_landing_page_view_sectors_alphabetical_order" time="2.157"></testcase><testcase classname="tests.great_international.test_views" file="tests/great_international/test_views.py" line="118" name="test_invest_home_page" time="3.343"></testcase><testcase classname="tests.great_international.test_views" file="tests/great_international/test_views.py" line="150" name="test_invest_region_page" time="1.129"></testcase><testcase classname="tests.great_international.test_views" file="tests/great_international/test_views.py" line="163" name="test_invest_region_landing_page" time="1.125"></testcase><testcase classname="tests.great_international.test_views" file="tests/great_international/test_views.py" line="177" name="test_high_potential_opportunity_api" time="2.339"></testcase><testcase classname="tests.great_international.test_views" file="tests/great_international/test_views.py" line="204" name="test_international_trade_home_page_exposes_industries" time="2.153"></testcase><testcase classname="tests.great_international.test_views" file="tests/great_international/test_views.py" line="222" name="test_sector_page_exposes_articles_child_sub_pages" time="2.167"></testcase><testcase classname="tests.groups.test_modeladmin" file="tests/groups/test_modeladmin.py" line="5" name="test_groupinfomodeladmin_indexview_does_not_error" time="0.797"></testcase><testcase classname="tests.groups.test_modeladmin" file="tests/groups/test_modeladmin.py" line="14" name="test_groupinfomodeladmin_permissionhelper" time="0.298"></testcase><testcase classname="tests.groups.test_models" file="tests/groups/test_models.py" line="7" name="test_groupinfo_uses_name_singular_for_str" time="0.411"></testcase><testcase classname="tests.groups.test_models" file="tests/groups/test_models.py" line="13" name="test_groupinfo_clean_fields_allows_one_team_leaders_group" time="0.173"></testcase><testcase classname="tests.groups.test_signal_handlers" file="tests/groups/test_signal_handlers.py" line="6" name="test_groupinfo_created_automatically_for_new_groups" time="0.168"></testcase><testcase classname="tests.groups.test_views" file="tests/groups/test_views.py" line="7" name="test_group_info_modal_only_available_to_authenticated_users" time="0.494"></testcase><testcase classname="tests.groups.test_views" file="tests/groups/test_views.py" line="14" name="test_group_info_modal_shows_unlimited_visibility_groups_only" time="0.774"></testcase><testcase classname="tests.users.test_forms" file="tests/users/test_forms.py" line="8" name="test_super_user_can_see_all_the_groups" time="0.203"></testcase><testcase classname="tests.users.test_forms" file="tests/users/test_forms.py" line="16" name="test_user_can_see_same_entry_point_groups" time="0.222"></testcase><testcase classname="tests.users.test_forms" file="tests/users/test_forms.py" line="36" name="test_normal_user_with_no_group_assigned_sees_no_groups" time="0.232"></testcase><testcase classname="tests.users.test_permissions" file="tests/users/test_permissions.py" line="13" name="test_branch_editors_should_only_see_pages_from_their_branch" time="3.685"></testcase><testcase classname="tests.users.test_permissions" file="tests/users/test_permissions.py" line="36" name="test_branch_editors_cannot_access_pages_not_from_their_branch" time="3.612"></testcase><testcase classname="tests.users.test_permissions" file="tests/users/test_permissions.py" line="68" name="test_branch_moderators_should_only_see_pages_from_their_branch" time="3.593"></testcase><testcase classname="tests.users.test_permissions" file="tests/users/test_permissions.py" line="91" name="test_moderators_cannot_access_pages_not_from_their_branch" time="3.832"></testcase><testcase classname="tests.users.test_permissions" file="tests/users/test_permissions.py" line="127" name="test_moderators_can_approve_revisions_only_for_pages_in_their_branch" time="4.922"></testcase><testcase classname="tests.users.test_permissions" file="tests/users/test_permissions.py" line="152" name="test_branch_user_can_create_child_pages_in_it[BranchEditorFactory]" time="1.097"></testcase><testcase classname="tests.users.test_permissions" file="tests/users/test_permissions.py" line="152" name="test_branch_user_can_create_child_pages_in_it[BranchModeratorFactory]" time="1.137"></testcase><testcase classname="tests.users.test_permissions" file="tests/users/test_permissions.py" line="152" name="test_branch_user_can_create_child_pages_in_it[AdminFactory]" time="1.126"></testcase><testcase classname="tests.users.test_permissions" file="tests/users/test_permissions.py" line="195" name="test_branch_user_cant_create_child_pages_without_mandatory_data[BranchEditorFactory]" time="0.985"></testcase><testcase classname="tests.users.test_permissions" file="tests/users/test_permissions.py" line="195" name="test_branch_user_cant_create_child_pages_without_mandatory_data[BranchModeratorFactory]" time="1.146"></testcase><testcase classname="tests.users.test_permissions" file="tests/users/test_permissions.py" line="195" name="test_branch_user_cant_create_child_pages_without_mandatory_data[AdminFactory]" time="0.903"></testcase><testcase classname="tests.users.test_permissions" file="tests/users/test_permissions.py" line="229" name="test_branch_user_cant_create_pages_in_branch_they_dont_manage[BranchEditorFactory]" time="1.380"></testcase><testcase classname="tests.users.test_permissions" file="tests/users/test_permissions.py" line="229" name="test_branch_user_cant_create_pages_in_branch_they_dont_manage[BranchModeratorFactory]" time="1.430"></testcase><testcase classname="tests.users.test_permissions" file="tests/users/test_permissions.py" line="264" name="test_admins_can_create_pages_in_any_branch" time="6.400"></testcase><testcase classname="tests.users.test_permissions" file="tests/users/test_permissions.py" line="317" name="test_editors_cannot_publish_child_pages" time="3.904"></testcase><testcase classname="tests.users.test_permissions" file="tests/users/test_permissions.py" line="334" name="test_editors_cannot_unpublish_child_pages" time="3.039"></testcase><testcase classname="tests.users.test_permissions" file="tests/users/test_permissions.py" line="344" name="test_branch_user_can_submit_changes_for_moderation[BranchEditorFactory]" time="1.009"></testcase><testcase classname="tests.users.test_permissions" file="tests/users/test_permissions.py" line="344" name="test_branch_user_can_submit_changes_for_moderation[BranchModeratorFactory]" time="1.219"></testcase><testcase classname="tests.users.test_permissions" file="tests/users/test_permissions.py" line="344" name="test_branch_user_can_submit_changes_for_moderation[AdminFactory]" time="1.001"></testcase><testcase classname="tests.users.test_permissions" file="tests/users/test_permissions.py" line="372" name="test_branch_user_can_view_drafts[BranchEditorFactory]" time="1.728"></testcase><testcase classname="tests.users.test_permissions" file="tests/users/test_permissions.py" line="372" name="test_branch_user_can_view_drafts[BranchModeratorFactory]" time="1.751"></testcase><testcase classname="tests.users.test_permissions" file="tests/users/test_permissions.py" line="372" name="test_branch_user_can_view_drafts[AdminFactory]" time="1.412"></testcase><testcase classname="tests.users.test_permissions" file="tests/users/test_permissions.py" line="406" name="test_branch_user_can_list_revisions[BranchEditorFactory]" time="1.137"></testcase><testcase classname="tests.users.test_permissions" file="tests/users/test_permissions.py" line="406" name="test_branch_user_can_list_revisions[BranchModeratorFactory]" time="1.435"></testcase><testcase classname="tests.users.test_permissions" file="tests/users/test_permissions.py" line="406" name="test_branch_user_can_list_revisions[AdminFactory]" time="0.969"></testcase><testcase classname="tests.users.test_permissions" file="tests/users/test_permissions.py" line="428" name="test_branch_user_can_compare_changes_between_revisions[BranchEditorFactory]" time="1.017"></testcase><testcase classname="tests.users.test_permissions" file="tests/users/test_permissions.py" line="428" name="test_branch_user_can_compare_changes_between_revisions[BranchModeratorFactory]" time="1.058"></testcase><testcase classname="tests.users.test_permissions" file="tests/users/test_permissions.py" line="428" name="test_branch_user_can_compare_changes_between_revisions[AdminFactory]" time="0.964"></testcase><testcase classname="tests.users.test_permissions" file="tests/users/test_permissions.py" line="460" name="test_moderators_and_admins_can_publish_child_pages[BranchModeratorFactory]" time="1.412"></testcase><testcase classname="tests.users.test_permissions" file="tests/users/test_permissions.py" line="460" name="test_moderators_and_admins_can_publish_child_pages[AdminFactory]" time="1.296"></testcase><testcase classname="tests.users.test_permissions" file="tests/users/test_permissions.py" line="483" name="test_moderators_and_admins_can_unpublish_child_pages[BranchModeratorFactory]" time="1.250"></testcase><testcase classname="tests.users.test_permissions" file="tests/users/test_permissions.py" line="483" name="test_moderators_and_admins_can_unpublish_child_pages[AdminFactory]" time="1.010"></testcase><testcase classname="tests.users.test_permissions" file="tests/users/test_permissions.py" line="510" name="test_moderators_and_admins_can_view_revisions_from_other_branches" time="4.799"></testcase><testcase classname="tests.users.test_permissions" file="tests/users/test_permissions.py" line="566" name="test_moderators_can_reject_revision" time="3.511"></testcase><testcase classname="tests.users.test_permissions" file="tests/users/test_permissions.py" line="591" name="test_admins_can_reject_revision" time="3.300"></testcase><testcase classname="tests.users.test_permissions" file="tests/users/test_permissions.py" line="616" name="test_moderators_cannot_reject_revision_from_other_branch" time="3.488"></testcase><testcase classname="tests.users.test_permissions" file="tests/users/test_permissions.py" line="633" name="test_admins_should_be_able_to_access_all_pages_in_any_branch" time="3.051"></testcase><testcase classname="tests.users.test_permissions" file="tests/users/test_permissions.py" line="658" name="test_admins_should_be_able_to_reject_revision_from_any_branch" time="3.881"></testcase><testcase classname="tests.users.test_permissions" file="tests/users/test_permissions.py" line="711" name="test_admins_should_have_permissions_to_manage_users" time="0.527"></testcase><testcase classname="tests.users.test_permissions" file="tests/users/test_permissions.py" line="732" name="test_non_admin_user_should_not_have_permissions_to_manage_user_accounts[BranchEditorFactory]" time="0.546"></testcase><testcase classname="tests.users.test_permissions" file="tests/users/test_permissions.py" line="732" name="test_non_admin_user_should_not_have_permissions_to_manage_user_accounts[BranchModeratorFactory]" time="0.747"></testcase><testcase classname="tests.users.test_permissions" file="tests/users/test_permissions.py" line="760" name="test_non_admin_user_should_not_be_able_to_access_manage_users_page[BranchEditorFactory]" time="0.968"></testcase><testcase classname="tests.users.test_permissions" file="tests/users/test_permissions.py" line="760" name="test_non_admin_user_should_not_be_able_to_access_manage_users_page[BranchModeratorFactory]" time="0.920"></testcase><testcase classname="tests.users.test_permissions" file="tests/users/test_permissions.py" line="778" name="test_admin_user_should_be_able_to_access_manage_users_page" time="0.914"></testcase><testcase classname="tests.users.test_signals" file="tests/users/test_signals.py" line="8" name="test_new_user_profile_status_created" time="0.180"></testcase><testcase classname="tests.users.test_signals" file="tests/users/test_signals.py" line="16" name="test_user_profile_status_user_updated" time="0.187"></testcase><testcase classname="tests.users.test_views" file="tests/users/test_views.py" line="36" name="test_create_user_view_get" time="0.553"></testcase><testcase classname="tests.users.test_views" file="tests/users/test_views.py" line="42" name="test_create_user_view" time="0.852"></testcase><testcase classname="tests.users.test_views" file="tests/users/test_views.py" line="53" name="test_create_user_view_invalid_form" time="0.789"></testcase><testcase classname="tests.users.test_views" file="tests/users/test_views.py" line="66" name="test_get_edit_user_view" time="0.818"></testcase><testcase classname="tests.users.test_views" file="tests/users/test_views.py" line="75" name="test_edit_user_view" time="0.890"></testcase><testcase classname="tests.users.test_views" file="tests/users/test_views.py" line="99" name="test_edit_user_view_invalid_form" time="0.710"></testcase><testcase classname="tests.users.test_views" file="tests/users/test_views.py" line="113" name="test_edit_user_view_cannot_change_personal_details_when_sso_enforced" time="0.658"></testcase><testcase classname="tests.users.test_views" file="tests/users/test_views.py" line="137" name="test_edit_user_view_preserves_ability_to_update_is_active" time="0.680"></testcase><testcase classname="tests.users.test_views" file="tests/users/test_views.py" line="163" name="test_edit_user_view_warns_administrator_if_user_is_awaiting_approval" time="0.717"></testcase><testcase classname="tests.users.test_views" file="tests/users/test_views.py" line="183" name="test_edit_user_view_marks_user_as_approved_if_added_to_group" time="0.759"></testcase><testcase classname="tests.users.test_views" file="tests/users/test_views.py" line="232" name="test_edit_user_view_does_not_mark_user_as_approved_if_not_added_to_a_group" time="0.694"></testcase><testcase classname="tests.users.test_views" file="tests/users/test_views.py" line="277" name="test_force_staff_sso" time="0.758"></testcase><testcase classname="tests.users.test_views" file="tests/users/test_views.py" line="296" name="test_ssorequestaccessview_responds_based_on_assignment_status[CREATED-200]" time="0.825"></testcase><testcase classname="tests.users.test_views" file="tests/users/test_views.py" line="296" name="test_ssorequestaccessview_responds_based_on_assignment_status[AWAITING_APPROVAL-302]" time="0.713"></testcase><testcase classname="tests.users.test_views" file="tests/users/test_views.py" line="296" name="test_ssorequestaccessview_responds_based_on_assignment_status[APPROVED-302]" time="0.679"></testcase><testcase classname="tests.users.test_views" file="tests/users/test_views.py" line="313" name="test_ssorequestaccessview_shows_unlimited_visibilty_groups_only" time="0.715"></testcase><testcase classname="tests.users.test_views" file="tests/users/test_views.py" line="341" name="test_ssorequestaccessview_with_no_team_leaders_group" time="0.687"></testcase><testcase classname="tests.users.test_views" file="tests/users/test_views.py" line="351" name="test_ssorequestaccessview_with_team_leaders_group_but_no_members" time="0.759"></testcase><testcase classname="tests.users.test_views" file="tests/users/test_views.py" line="364" name="test_ssorequestaccessview_with_team_leaders" time="0.795"></testcase><testcase classname="tests.users.test_views" file="tests/users/test_views.py" line="385" name="test_ssorequestaccessview_fails_validation_if_form_incomplete" time="1.089"></testcase><testcase classname="tests.users.test_views" file="tests/users/test_views.py" line="400" name="test_ssorequestaccessview_post_with_complete_data" time="0.702"></testcase><testcase classname="tests.users.test_views" file="tests/users/test_views.py" line="442" name="test_ssorequestaccess_views_only_available_to_authenticated_users[/auth/request-access/]" time="1.071"></testcase><testcase classname="tests.users.test_views" file="tests/users/test_views.py" line="442" name="test_ssorequestaccess_views_only_available_to_authenticated_users[/auth/request-access/thanks/]" time="1.032"></testcase><testcase classname="tests.components.test_models" file="tests/components/test_models.py" line="5" name="test_app_models" time="0.003"></testcase><testcase classname="tests.components.test_models" file="tests/components/test_models.py" line="12" name="test_app_required_translatable_fields" time="0.002"></testcase><testcase classname="tests.core.test_cache" file="tests/core/test_cache.py" line="15" name="test_page_cache_build_keys[1-None-None-serialized-page-1:]" time="0.003"></testcase><testcase classname="tests.core.test_cache" file="tests/core/test_cache.py" line="15" name="test_page_cache_build_keys[2-en-gb-None-serialized-page-2:lang=en-gb]" time="0.003"></testcase><testcase classname="tests.core.test_cache" file="tests/core/test_cache.py" line="15" name="test_page_cache_build_keys[3-en-gb-eu-serialized-page-3:lang=en-gb&amp;region=eu]" time="0.003"></testcase><testcase classname="tests.core.test_cache" file="tests/core/test_cache.py" line="44" name="test_page_cache_build_key_ignored_variation_kwarg_order[test_kwargs0]" time="0.003"></testcase><testcase classname="tests.core.test_cache" file="tests/core/test_cache.py" line="44" name="test_page_cache_build_key_ignored_variation_kwarg_order[test_kwargs1]" time="0.003"></testcase><testcase classname="tests.core.test_cache" file="tests/core/test_cache.py" line="75" name="test_page_cache_get_set_delete" time="0.003"></testcase><testcase classname="tests.core.test_cache" file="tests/core/test_cache.py" line="154" name="test_subscriber_subscribe_to_publish" time="0.004"></testcase><testcase classname="tests.core.test_cache" file="tests/core/test_cache.py" line="211" name="test_subscriber_delete" time="0.003"></testcase><testcase classname="tests.core.test_cache" file="tests/core/test_cache.py" line="247" name="test_all_models_cached" time="0.004"></testcase><testcase classname="tests.core.test_cache" file="tests/core/test_cache.py" line="276" name="test_transactional_cache_set" time="0.003"></testcase><testcase classname="tests.core.test_cache" file="tests/core/test_cache.py" line="314" name="test_transactional_cache_delete" time="0.003"></testcase><testcase classname="tests.core.test_cache" file="tests/core/test_cache.py" line="331" name="test_initialising_cache_class_raises_error" time="0.003"></testcase><testcase classname="tests.core.test_distributed_migrate" file="tests/core/test_distributed_migrate.py" line="5" name="test_distributed_migration_lock_acquired" time="0.010"></testcase><testcase classname="tests.core.test_distributed_migrate" file="tests/core/test_distributed_migrate.py" line="17" name="test_distributed_migration_lock_not_acquired" time="0.004"></testcase><testcase classname="tests.core.test_helpers" file="tests/core/test_helpers.py" line="34" name="test_get_button_url_name_external_url" time="0.003"></testcase><testcase classname="tests.core.test_helpers" file="tests/core/test_helpers.py" line="40" name="test_render_markdown_table" time="0.007"></testcase><testcase classname="tests.core.test_helpers" file="tests/core/test_helpers.py" line="50" name="test_get_page_full_url[http://test.com/foo/-bar/-http://test.com/foo/bar/]" time="0.003"></testcase><testcase classname="tests.core.test_helpers" file="tests/core/test_helpers.py" line="50" name="test_get_page_full_url[http://test.com/foo-bar/-http://test.com/foo/bar/0]" time="0.003"></testcase><testcase classname="tests.core.test_helpers" file="tests/core/test_helpers.py" line="50" name="test_get_page_full_url[http://test.com/foo/-/bar/-http://test.com/foo/bar/]" time="0.003"></testcase><testcase classname="tests.core.test_helpers" file="tests/core/test_helpers.py" line="50" name="test_get_page_full_url[http://test.com/foo-bar/-http://test.com/foo/bar/1]" time="0.003"></testcase><testcase classname="tests.core.test_middleware" file="tests/core/test_middleware.py" line="6" name="test_locale_middleware_installed" time="0.003"></testcase><testcase classname="tests.core.test_middleware" file="tests/core/test_middleware.py" line="11" name="test_locale_middleware_sets_querystring_language" time="0.003"></testcase><testcase classname="tests.core.test_middleware" file="tests/core/test_middleware.py" line="21" name="test_locale_middleware_ignored_invalid_querystring_language" time="0.002"></testcase><testcase classname="tests.core.test_middleware" file="tests/core/test_middleware.py" line="31" name="test_locale_middleware_handles_missing_querystring_language" time="0.003"></testcase><testcase classname="tests.core.test_middleware" file="tests/core/test_middleware.py" line="41" name="test_maintenance_mode_middleware_installed" time="0.002"></testcase><testcase classname="tests.core.test_middleware" file="tests/core/test_middleware.py" line="46" name="test_maintenance_mode_middleware_feature_flag_on" time="0.004"></testcase><testcase classname="tests.core.test_middleware" file="tests/core/test_middleware.py" line="56" name="test_maintenance_mode_middleware_feature_flag_off" time="0.003"></testcase><testcase classname="tests.core.test_storage_backends" file="tests/core/test_storage_backends.py" line="8" name="test_delete_disabled" time="0.003"></testcase><testcase classname="tests.core.test_storage_backends" file="tests/core/test_storage_backends.py" line="17" name="test_replace_disabled" time="0.002"></testcase><testcase classname="tests.core.test_storage_backends" file="tests/core/test_storage_backends.py" line="23" name="test_replace_disabled_hardcoded" time="0.002"></testcase><testcase classname="tests.core.test_views" file="tests/core/test_views.py" line="29" name="test_permissions_draft" time="0.002"></testcase><testcase classname="tests.core.test_views" file="tests/core/test_views.py" line="40" name="test_permissions_published" time="0.002"></testcase><testcase classname="tests.core.test_wagtail_hooks" file="tests/core/test_wagtail_hooks.py" line="48" name="test_env_css_set" time="0.003"></testcase><testcase classname="tests.core.test_wagtail_hooks" file="tests/core/test_wagtail_hooks.py" line="54" name="test_env_css_unset" time="0.003"></testcase><testcase classname="tests.export_readiness.test_models" file="tests/export_readiness/test_models.py" line="6" name="test_app_models" time="0.003"></testcase><testcase classname="tests.great_international.test_models" file="tests/great_international/test_models.py" line="9" name="test_models_hierarchy" time="0.003"></testcase><testcase classname="tests.users.test_middleware" file="tests/users/test_middleware.py" line="29" name="test_process_request_returns_none_if_user_is_not_authenticated" time="0.002"></testcase><testcase classname="tests.users.test_middleware" file="tests/users/test_middleware.py" line="36" name="test_process_request_returns_none_if_user_is_a_superuser" time="0.002"></testcase><testcase classname="tests.users.test_middleware" file="tests/users/test_middleware.py" line="43" name="test_process_request_returns_none_if_url_not_in_admin[/]" time="0.002"></testcase><testcase classname="tests.users.test_middleware" file="tests/users/test_middleware.py" line="43" name="test_process_request_returns_none_if_url_not_in_admin[/healthcheck/]" time="0.002"></testcase><testcase classname="tests.users.test_middleware" file="tests/users/test_middleware.py" line="43" name="test_process_request_returns_none_if_url_not_in_admin[/activity-stream/v1/]" time="0.003"></testcase><testcase classname="tests.users.test_middleware" file="tests/users/test_middleware.py" line="55" name="test_process_request_returns_none_if_user_requesting_access[/auth/request-access/]" time="0.003"></testcase><testcase classname="tests.users.test_middleware" file="tests/users/test_middleware.py" line="55" name="test_process_request_returns_none_if_user_requesting_access[/auth/request-access/thanks/]" time="0.003"></testcase><testcase classname="tests.users.test_middleware" file="tests/users/test_middleware.py" line="66" name="test_process_request_redirects_for_assignment_status[CREATED-/auth/request-access/]" time="0.005"></testcase><testcase classname="tests.users.test_middleware" file="tests/users/test_middleware.py" line="66" name="test_process_request_redirects_for_assignment_status[AWAITING_APPROVAL-/auth/request-access/thanks/]" time="0.004"></testcase><testcase classname="tests.users.test_notifications" file="tests/users/test_notifications.py" line="8" name="test_notify_user_of_access_request_approval" time="0.003"></testcase><testcase classname="tests.users.test_notifications" file="tests/users/test_notifications.py" line="38" name="test_notify_team_leader_of_pending_access_request" time="0.141"></testcase></testsuite></testsuites>